<?xml version="1.0" encoding="utf-8"?>
<!DOCTYPE coverage SYSTEM "http://cobertura.sourceforge.net/xml/coverage-04.dtd">
<coverage line-rate="0.811704834605598" branch-rate="0.6794871794871795" lines-covered="4147" lines-valid="5109" branches-covered="1590" branches-valid="2340" complexity="2806" version="0" timestamp="1755979887">
  <sources>
    <source>/home/runner/work/Kestrun/Kestrun/src/CSharp/Kestrun/</source>
  </sources>
  <packages>
    <package name="Kestrun" line-rate="0.811704834605598" branch-rate="0.6794871794871795" complexity="2806">
      <classes>
        <class name="DelegateBuilder" filename="/home/runner/work/Kestrun/Kestrun/src/CSharp/Kestrun/Languages/DelegateBuilder.cs" line-rate="0.7777777777777778" branch-rate="0.7" complexity="20">
          <methods>
            <method name="ApplyResponseAsync" signature="()" line-rate="0.7777777777777778" branch-rate="0.6666666666666666" complexity="6">
              <lines>
                <line number="74" hits="5" branch="true" condition-coverage="50% (1/2)" />
                <line number="76" hits="0" branch="false" />
                <line number="79" hits="5" branch="true" condition-coverage="100% (2/2)" />
                <line number="81" hits="2" branch="false" />
                <line number="82" hits="2" branch="false" />
                <line number="85" hits="3" branch="false" />
                <line number="87" hits="3" branch="true" condition-coverage="50% (1/2)" />
                <line number="89" hits="0" branch="false" />
                <line number="91" hits="5" branch="false" />
              </lines>
            </method>
            <method name="PrepareExecutionAsync" signature="()" line-rate="0.7777777777777778" branch-rate="0.7142857142857143" complexity="14">
              <lines>
                <line number="23" hits="5" branch="false" />
                <line number="24" hits="5" branch="false" />
                <line number="25" hits="5" branch="false" />
                <line number="26" hits="5" branch="true" condition-coverage="50% (1/2)" />
                <line number="28" hits="0" branch="false" />
                <line number="34" hits="5" branch="true" condition-coverage="50% (1/2)" />
                <line number="36" hits="0" branch="false" />
                <line number="39" hits="5" branch="false" />
                <line number="40" hits="5" branch="true" condition-coverage="50% (1/2)" />
                <line number="42" hits="0" branch="false" />
                <line number="46" hits="5" branch="true" condition-coverage="100% (4/4)" />
                <line number="48" hits="1" branch="true" condition-coverage="50% (1/2)" />
                <line number="50" hits="0" branch="false" />
                <line number="53" hits="4" branch="true" condition-coverage="100% (2/2)" />
                <line number="55" hits="1" branch="false" />
                <line number="60" hits="5" branch="false" />
                <line number="61" hits="5" branch="false" />
                <line number="62" hits="5" branch="false" />
              </lines>
            </method>
          </methods>
          <lines>
            <line number="23" hits="5" branch="false" />
            <line number="24" hits="5" branch="false" />
            <line number="25" hits="5" branch="false" />
            <line number="26" hits="5" branch="true" condition-coverage="50% (1/2)" />
            <line number="28" hits="0" branch="false" />
            <line number="34" hits="5" branch="true" condition-coverage="50% (1/2)" />
            <line number="36" hits="0" branch="false" />
            <line number="39" hits="5" branch="false" />
            <line number="40" hits="5" branch="true" condition-coverage="50% (1/2)" />
            <line number="42" hits="0" branch="false" />
            <line number="46" hits="5" branch="true" condition-coverage="100% (4/4)" />
            <line number="48" hits="1" branch="true" condition-coverage="50% (1/2)" />
            <line number="50" hits="0" branch="false" />
            <line number="53" hits="4" branch="true" condition-coverage="100% (2/2)" />
            <line number="55" hits="1" branch="false" />
            <line number="60" hits="5" branch="false" />
            <line number="61" hits="5" branch="false" />
            <line number="62" hits="5" branch="false" />
            <line number="74" hits="5" branch="true" condition-coverage="50% (1/2)" />
            <line number="76" hits="0" branch="false" />
            <line number="79" hits="5" branch="true" condition-coverage="100% (2/2)" />
            <line number="81" hits="2" branch="false" />
            <line number="82" hits="2" branch="false" />
            <line number="85" hits="3" branch="false" />
            <line number="87" hits="3" branch="true" condition-coverage="50% (1/2)" />
            <line number="89" hits="0" branch="false" />
            <line number="91" hits="5" branch="false" />
          </lines>
        </class>
        <class name="Kestrun.Authentication.ApiKeyAuthenticationOptions" filename="/home/runner/work/Kestrun/Kestrun/src/CSharp/Kestrun/Authentication/ApiKeyAuthenticationOptions.cs" line-rate="1" branch-rate="1" complexity="15">
          <methods>
            <method name="get_HeaderName" signature="()" line-rate="1" branch-rate="1" complexity="1">
              <lines>
                <line number="16" hits="65" branch="false" />
              </lines>
            </method>
            <method name="get_AdditionalHeaderNames" signature="()" line-rate="1" branch-rate="1" complexity="1">
              <lines>
                <line number="23" hits="51" branch="false" />
              </lines>
            </method>
            <method name="get_AllowQueryStringFallback" signature="()" line-rate="1" branch-rate="1" complexity="1">
              <lines>
                <line number="31" hits="19" branch="false" />
              </lines>
            </method>
            <method name="get_ExpectedKey" signature="()" line-rate="1" branch-rate="1" complexity="1">
              <lines>
                <line number="38" hits="57" branch="false" />
              </lines>
            </method>
            <method name="get_ExpectedKeyBytes" signature="()" line-rate="1" branch-rate="1" complexity="2">
              <lines>
                <line number="43" hits="20" branch="true" condition-coverage="100% (2/2)" />
              </lines>
            </method>
            <method name="get_Logger" signature="()" line-rate="1" branch-rate="1" complexity="1">
              <lines>
                <line number="49" hits="120" branch="false" />
              </lines>
            </method>
            <method name="get_RequireHttps" signature="()" line-rate="1" branch-rate="1" complexity="1">
              <lines>
                <line number="54" hits="61" branch="false" />
              </lines>
            </method>
            <method name="get_EmitChallengeHeader" signature="()" line-rate="1" branch-rate="1" complexity="1">
              <lines>
                <line number="61" hits="50" branch="false" />
              </lines>
            </method>
            <method name="get_ChallengeHeaderFormat" signature="()" line-rate="1" branch-rate="1" complexity="1">
              <lines>
                <line number="70" hits="10" branch="false" />
              </lines>
            </method>
            <method name="get_ValidateKeyAsync" signature="()" line-rate="1" branch-rate="1" complexity="1">
              <lines>
                <line number="76" hits="44" branch="false" />
              </lines>
            </method>
            <method name="get_ValidateCodeSettings" signature="()" line-rate="1" branch-rate="1" complexity="1">
              <lines>
                <line number="84" hits="45" branch="false" />
              </lines>
            </method>
            <method name="get_IssueClaims" signature="()" line-rate="1" branch-rate="1" complexity="1">
              <lines>
                <line number="90" hits="14" branch="false" />
              </lines>
            </method>
            <method name="get_IssueClaimsCodeSettings" signature="()" line-rate="1" branch-rate="1" complexity="1">
              <lines>
                <line number="98" hits="45" branch="false" />
              </lines>
            </method>
            <method name="get_ClaimPolicyConfig" signature="()" line-rate="1" branch-rate="1" complexity="1">
              <lines>
                <line number="107" hits="9" branch="false" />
              </lines>
            </method>
          </methods>
          <lines>
            <line number="16" hits="65" branch="false" />
            <line number="23" hits="51" branch="false" />
            <line number="31" hits="19" branch="false" />
            <line number="38" hits="57" branch="false" />
            <line number="43" hits="20" branch="true" condition-coverage="100% (2/2)" />
            <line number="49" hits="120" branch="false" />
            <line number="54" hits="61" branch="false" />
            <line number="61" hits="50" branch="false" />
            <line number="70" hits="10" branch="false" />
            <line number="76" hits="44" branch="false" />
            <line number="84" hits="45" branch="false" />
            <line number="90" hits="14" branch="false" />
            <line number="98" hits="45" branch="false" />
            <line number="107" hits="9" branch="false" />
          </lines>
        </class>
        <class name="Kestrun.Authentication.ApiKeyAuthHandler" filename="/home/runner/work/Kestrun/Kestrun/src/CSharp/Kestrun/Authentication/ApiKeyAuthHandler.cs" line-rate="0.9325842696629213" branch-rate="0.7777777777777778" complexity="56">
          <methods>
            <method name="TryGetApiKey" signature="(System.String&amp;)" line-rate="1" branch-rate="1" complexity="16">
              <lines>
                <line number="86" hits="10" branch="false" />
                <line number="89" hits="10" branch="true" condition-coverage="100% (2/2)" />
                <line number="92" hits="11" branch="true" condition-coverage="100% (2/2)" />
                <line number="94" hits="3" branch="true" condition-coverage="100% (2/2)" />
                <line number="102" hits="10" branch="true" condition-coverage="100% (8/8)" />
                <line number="103" hits="10" branch="false" />
                <line number="104" hits="10" branch="false" />
                <line number="106" hits="2" branch="false" />
                <line number="109" hits="10" branch="true" condition-coverage="100% (2/2)" />
                <line number="111" hits="1" branch="false" />
                <line number="115" hits="9" branch="false" />
                <line number="116" hits="9" branch="false" />
              </lines>
            </method>
            <method name="CreateTicketAsync" signature="(System.String)" line-rate="1" branch-rate="1" complexity="1">
              <lines>
                <line number="141" hits="6" branch="false" />
              </lines>
            </method>
            <method name="Fail" signature="(System.String)" line-rate="1" branch-rate="1" complexity="1">
              <lines>
                <line number="150" hits="5" branch="false" />
                <line number="151" hits="5" branch="false" />
              </lines>
            </method>
            <method name="HandleChallengeAsync" signature="(Microsoft.AspNetCore.Authentication.AuthenticationProperties)" line-rate="1" branch-rate="0.6666666666666666" complexity="6">
              <lines>
                <line number="161" hits="1" branch="true" condition-coverage="100% (2/2)" />
                <line number="163" hits="1" branch="true" condition-coverage="50% (1/2)" />
                <line number="165" hits="1" branch="true" condition-coverage="50% (1/2)" />
                <line number="166" hits="1" branch="false" />
                <line number="167" hits="1" branch="false" />
                <line number="169" hits="1" branch="false" />
                <line number="171" hits="1" branch="false" />
                <line number="172" hits="1" branch="false" />
              </lines>
            </method>
            <method name="BuildPsValidator" signature="(Kestrun.Authentication.AuthenticationCodeSettings,Serilog.ILogger)" line-rate="1" branch-rate="1" complexity="2">
              <lines>
                <line number="185" hits="2" branch="true" condition-coverage="100% (2/2)" />
                <line number="187" hits="1" branch="false" />
                <line number="190" hits="2" branch="false" />
                <line number="191" hits="2" branch="false" />
                <line number="192" hits="2" branch="false" />
                <line number="193" hits="2" branch="false" />
                <line number="194" hits="2" branch="false" />
                <line number="195" hits="2" branch="false" />
                <line number="196" hits="2" branch="false" />
                <line number="197" hits="4" branch="false" />
              </lines>
            </method>
            <method name="BuildCsValidator" signature="(Kestrun.Authentication.AuthenticationCodeSettings,Serilog.ILogger)" line-rate="0.9230769230769231" branch-rate="0.5" complexity="4">
              <lines>
                <line number="208" hits="1" branch="true" condition-coverage="50% (1/2)" />
                <line number="210" hits="0" branch="false" />
                <line number="213" hits="1" branch="true" condition-coverage="50% (1/2)" />
                <line number="214" hits="1" branch="false" />
                <line number="215" hits="1" branch="false" />
                <line number="216" hits="1" branch="false" />
                <line number="217" hits="1" branch="false" />
                <line number="218" hits="1" branch="false" />
                <line number="219" hits="3" branch="false" />
                <line number="220" hits="3" branch="false" />
                <line number="221" hits="3" branch="false" />
                <line number="222" hits="3" branch="false" />
                <line number="223" hits="3" branch="false" />
              </lines>
            </method>
            <method name="BuildVBNetValidator" signature="(Kestrun.Authentication.AuthenticationCodeSettings,Serilog.ILogger)" line-rate="0.9230769230769231" branch-rate="0.5" complexity="4">
              <lines>
                <line number="234" hits="2" branch="true" condition-coverage="50% (1/2)" />
                <line number="236" hits="0" branch="false" />
                <line number="239" hits="2" branch="true" condition-coverage="50% (1/2)" />
                <line number="240" hits="2" branch="false" />
                <line number="241" hits="2" branch="false" />
                <line number="242" hits="2" branch="false" />
                <line number="243" hits="2" branch="false" />
                <line number="244" hits="2" branch="false" />
                <line number="245" hits="4" branch="false" />
                <line number="246" hits="4" branch="false" />
                <line number="247" hits="4" branch="false" />
                <line number="248" hits="4" branch="false" />
                <line number="249" hits="4" branch="false" />
              </lines>
            </method>
            <method name=".ctor" signature="(Microsoft.Extensions.Options.IOptionsMonitor`1&lt;Kestrun.Authentication.ApiKeyAuthenticationOptions&gt;,Microsoft.Extensions.Logging.ILoggerFactory,System.Text.Encodings.Web.UrlEncoder)" line-rate="1" branch-rate="1" complexity="2">
              <lines>
                <line number="25" hits="12" branch="false" />
                <line number="27" hits="12" branch="true" condition-coverage="100% (2/2)" />
                <line number="29" hits="9" branch="false" />
                <line number="31" hits="12" branch="false" />
              </lines>
            </method>
            <method name="HandleAuthenticateAsync" signature="()" line-rate="0.7894736842105263" branch-rate="0.8125" complexity="16">
              <lines>
                <line number="41" hits="11" branch="true" condition-coverage="100% (2/2)" />
                <line number="43" hits="8" branch="false" />
                <line number="46" hits="11" branch="true" condition-coverage="100% (4/4)" />
                <line number="48" hits="1" branch="false" />
                <line number="51" hits="10" branch="true" condition-coverage="100% (2/2)" />
                <line number="53" hits="1" branch="false" />
                <line number="56" hits="9" branch="false" />
                <line number="57" hits="9" branch="false" />
                <line number="58" hits="9" branch="true" condition-coverage="100% (2/2)" />
                <line number="60" hits="3" branch="false" />
                <line number="63" hits="6" branch="false" />
                <line number="64" hits="6" branch="true" condition-coverage="50% (1/2)" />
                <line number="66" hits="0" branch="false" />
                <line number="68" hits="6" branch="true" condition-coverage="50% (2/4)" />
                <line number="70" hits="6" branch="false" />
                <line number="72" hits="0" branch="false" />
                <line number="74" hits="0" branch="false" />
                <line number="75" hits="0" branch="false" />
                <line number="77" hits="11" branch="false" />
              </lines>
            </method>
            <method name="ValidateApiKeyAsync" signature="()" line-rate="1" branch-rate="0.25" complexity="4">
              <lines>
                <line number="127" hits="9" branch="true" condition-coverage="25% (1/4)" />
                <line number="128" hits="9" branch="false" />
                <line number="129" hits="9" branch="false" />
                <line number="130" hits="9" branch="false" />
                <line number="131" hits="9" branch="false" />
                <line number="132" hits="9" branch="false" />
                <line number="133" hits="9" branch="false" />
              </lines>
            </method>
          </methods>
          <lines>
            <line number="25" hits="12" branch="false" />
            <line number="27" hits="12" branch="true" condition-coverage="100% (2/2)" />
            <line number="29" hits="9" branch="false" />
            <line number="31" hits="12" branch="false" />
            <line number="41" hits="11" branch="true" condition-coverage="100% (2/2)" />
            <line number="43" hits="8" branch="false" />
            <line number="46" hits="11" branch="true" condition-coverage="100% (4/4)" />
            <line number="48" hits="1" branch="false" />
            <line number="51" hits="10" branch="true" condition-coverage="100% (2/2)" />
            <line number="53" hits="1" branch="false" />
            <line number="56" hits="9" branch="false" />
            <line number="57" hits="9" branch="false" />
            <line number="58" hits="9" branch="true" condition-coverage="100% (2/2)" />
            <line number="60" hits="3" branch="false" />
            <line number="63" hits="6" branch="false" />
            <line number="64" hits="6" branch="true" condition-coverage="50% (1/2)" />
            <line number="66" hits="0" branch="false" />
            <line number="68" hits="6" branch="true" condition-coverage="50% (2/4)" />
            <line number="70" hits="6" branch="false" />
            <line number="72" hits="0" branch="false" />
            <line number="74" hits="0" branch="false" />
            <line number="75" hits="0" branch="false" />
            <line number="77" hits="11" branch="false" />
            <line number="86" hits="10" branch="false" />
            <line number="89" hits="10" branch="true" condition-coverage="100% (2/2)" />
            <line number="92" hits="11" branch="true" condition-coverage="100% (2/2)" />
            <line number="94" hits="3" branch="true" condition-coverage="100% (2/2)" />
            <line number="102" hits="10" branch="true" condition-coverage="100% (8/8)" />
            <line number="103" hits="10" branch="false" />
            <line number="104" hits="10" branch="false" />
            <line number="106" hits="2" branch="false" />
            <line number="109" hits="10" branch="true" condition-coverage="100% (2/2)" />
            <line number="111" hits="1" branch="false" />
            <line number="115" hits="9" branch="false" />
            <line number="116" hits="9" branch="false" />
            <line number="127" hits="9" branch="true" condition-coverage="25% (1/4)" />
            <line number="128" hits="9" branch="false" />
            <line number="129" hits="9" branch="false" />
            <line number="130" hits="9" branch="false" />
            <line number="131" hits="9" branch="false" />
            <line number="132" hits="9" branch="false" />
            <line number="133" hits="9" branch="false" />
            <line number="141" hits="6" branch="false" />
            <line number="150" hits="5" branch="false" />
            <line number="151" hits="5" branch="false" />
            <line number="161" hits="1" branch="true" condition-coverage="100% (2/2)" />
            <line number="163" hits="1" branch="true" condition-coverage="50% (1/2)" />
            <line number="165" hits="1" branch="true" condition-coverage="50% (1/2)" />
            <line number="166" hits="1" branch="false" />
            <line number="167" hits="1" branch="false" />
            <line number="169" hits="1" branch="false" />
            <line number="171" hits="1" branch="false" />
            <line number="172" hits="1" branch="false" />
            <line number="185" hits="2" branch="true" condition-coverage="100% (2/2)" />
            <line number="187" hits="1" branch="false" />
            <line number="190" hits="2" branch="false" />
            <line number="191" hits="2" branch="false" />
            <line number="192" hits="2" branch="false" />
            <line number="193" hits="2" branch="false" />
            <line number="194" hits="2" branch="false" />
            <line number="195" hits="2" branch="false" />
            <line number="196" hits="2" branch="false" />
            <line number="197" hits="4" branch="false" />
            <line number="208" hits="1" branch="true" condition-coverage="50% (1/2)" />
            <line number="210" hits="0" branch="false" />
            <line number="213" hits="1" branch="true" condition-coverage="50% (1/2)" />
            <line number="214" hits="1" branch="false" />
            <line number="215" hits="1" branch="false" />
            <line number="216" hits="1" branch="false" />
            <line number="217" hits="1" branch="false" />
            <line number="218" hits="1" branch="false" />
            <line number="219" hits="3" branch="false" />
            <line number="220" hits="3" branch="false" />
            <line number="221" hits="3" branch="false" />
            <line number="222" hits="3" branch="false" />
            <line number="223" hits="3" branch="false" />
            <line number="234" hits="2" branch="true" condition-coverage="50% (1/2)" />
            <line number="236" hits="0" branch="false" />
            <line number="239" hits="2" branch="true" condition-coverage="50% (1/2)" />
            <line number="240" hits="2" branch="false" />
            <line number="241" hits="2" branch="false" />
            <line number="242" hits="2" branch="false" />
            <line number="243" hits="2" branch="false" />
            <line number="244" hits="2" branch="false" />
            <line number="245" hits="4" branch="false" />
            <line number="246" hits="4" branch="false" />
            <line number="247" hits="4" branch="false" />
            <line number="248" hits="4" branch="false" />
            <line number="249" hits="4" branch="false" />
          </lines>
        </class>
        <class name="Kestrun.Authentication.AuthenticationCodeSettings" filename="/home/runner/work/Kestrun/Kestrun/src/CSharp/Kestrun/Authentication/AuthenticationCodeSettings.cs" line-rate="1" branch-rate="1" complexity="6">
          <methods>
            <method name="get_Language" signature="()" line-rate="1" branch-rate="1" complexity="1">
              <lines>
                <line number="14" hits="32" branch="false" />
              </lines>
            </method>
            <method name="get_Code" signature="()" line-rate="1" branch-rate="1" complexity="1">
              <lines>
                <line number="18" hits="63" branch="false" />
              </lines>
            </method>
            <method name="get_ExtraImports" signature="()" line-rate="1" branch-rate="1" complexity="1">
              <lines>
                <line number="22" hits="16" branch="false" />
              </lines>
            </method>
            <method name="get_ExtraRefs" signature="()" line-rate="1" branch-rate="1" complexity="1">
              <lines>
                <line number="26" hits="15" branch="false" />
              </lines>
            </method>
            <method name="get_CSharpVersion" signature="()" line-rate="1" branch-rate="1" complexity="1">
              <lines>
                <line number="35" hits="174" branch="false" />
              </lines>
            </method>
            <method name="get_VisualBasicVersion" signature="()" line-rate="1" branch-rate="1" complexity="1">
              <lines>
                <line number="44" hits="175" branch="false" />
              </lines>
            </method>
          </methods>
          <lines>
            <line number="14" hits="32" branch="false" />
            <line number="18" hits="63" branch="false" />
            <line number="22" hits="16" branch="false" />
            <line number="26" hits="15" branch="false" />
            <line number="35" hits="174" branch="false" />
            <line number="44" hits="175" branch="false" />
          </lines>
        </class>
        <class name="Kestrun.Authentication.BasicAuthenticationOptions" filename="/home/runner/work/Kestrun/Kestrun/src/CSharp/Kestrun/Authentication/BasicAuthenticationOptions.cs" line-rate="1" branch-rate="1" complexity="12">
          <methods>
            <method name="get_HeaderName" signature="()" line-rate="1" branch-rate="1" complexity="1">
              <lines>
                <line number="16" hits="64" branch="false" />
              </lines>
            </method>
            <method name="get_Base64Encoded" signature="()" line-rate="1" branch-rate="1" complexity="1">
              <lines>
                <line number="20" hits="65" branch="false" />
              </lines>
            </method>
            <method name="get_SeparatorRegex" signature="()" line-rate="1" branch-rate="1" complexity="1">
              <lines>
                <line number="25" hits="59" branch="false" />
              </lines>
            </method>
            <method name="get_Realm" signature="()" line-rate="1" branch-rate="1" complexity="1">
              <lines>
                <line number="31" hits="39" branch="false" />
              </lines>
            </method>
            <method name="get_Logger" signature="()" line-rate="1" branch-rate="1" complexity="1">
              <lines>
                <line number="39" hits="111" branch="false" />
              </lines>
            </method>
            <method name="get_RequireHttps" signature="()" line-rate="1" branch-rate="1" complexity="1">
              <lines>
                <line number="44" hits="65" branch="false" />
              </lines>
            </method>
            <method name="get_SuppressWwwAuthenticate" signature="()" line-rate="1" branch-rate="1" complexity="1">
              <lines>
                <line number="49" hits="4" branch="false" />
              </lines>
            </method>
            <method name="get_ValidateCredentialsAsync" signature="()" line-rate="1" branch-rate="1" complexity="1">
              <lines>
                <line number="56" hits="77" branch="false" />
              </lines>
            </method>
            <method name="get_ValidateCodeSettings" signature="()" line-rate="1" branch-rate="1" complexity="1">
              <lines>
                <line number="64" hits="47" branch="false" />
              </lines>
            </method>
            <method name="get_IssueClaims" signature="()" line-rate="1" branch-rate="1" complexity="1">
              <lines>
                <line number="70" hits="10" branch="false" />
              </lines>
            </method>
            <method name="get_IssueClaimsCodeSettings" signature="()" line-rate="1" branch-rate="1" complexity="1">
              <lines>
                <line number="78" hits="47" branch="false" />
              </lines>
            </method>
            <method name="get_ClaimPolicyConfig" signature="()" line-rate="1" branch-rate="1" complexity="1">
              <lines>
                <line number="87" hits="8" branch="false" />
              </lines>
            </method>
          </methods>
          <lines>
            <line number="16" hits="64" branch="false" />
            <line number="20" hits="65" branch="false" />
            <line number="25" hits="59" branch="false" />
            <line number="31" hits="39" branch="false" />
            <line number="39" hits="111" branch="false" />
            <line number="44" hits="65" branch="false" />
            <line number="49" hits="4" branch="false" />
            <line number="56" hits="77" branch="false" />
            <line number="64" hits="47" branch="false" />
            <line number="70" hits="10" branch="false" />
            <line number="78" hits="47" branch="false" />
            <line number="87" hits="8" branch="false" />
          </lines>
        </class>
        <class name="Kestrun.Authentication.BasicAuthHandler" filename="/home/runner/work/Kestrun/Kestrun/src/CSharp/Kestrun/Authentication/BasicAuthHandler.cs" line-rate="0.8632478632478633" branch-rate="0.7419354838709677" complexity="64">
          <methods>
            <method name="PreValidateRequest" signature="()" line-rate="1" branch-rate="1" complexity="6">
              <lines>
                <line number="109" hits="12" branch="true" condition-coverage="100% (6/6)" />
                <line number="110" hits="12" branch="false" />
                <line number="111" hits="12" branch="false" />
              </lines>
            </method>
            <method name="TryGetAuthorizationHeader" signature="(System.Net.Http.Headers.AuthenticationHeaderValue&amp;,Microsoft.AspNetCore.Authentication.AuthenticateResult&amp;)" line-rate="0.7857142857142857" branch-rate="1" complexity="2">
              <lines>
                <line number="122" hits="10" branch="false" />
                <line number="123" hits="10" branch="false" />
                <line number="124" hits="10" branch="true" condition-coverage="100% (2/2)" />
                <line number="126" hits="2" branch="false" />
                <line number="127" hits="2" branch="false" />
                <line number="132" hits="8" branch="false" />
                <line number="133" hits="7" branch="false" />
                <line number="135" hits="1" branch="false" />
                <line number="137" hits="1" branch="false" />
                <line number="138" hits="1" branch="false" />
                <line number="140" hits="0" branch="false" />
                <line number="142" hits="0" branch="false" />
                <line number="143" hits="0" branch="false" />
                <line number="145" hits="8" branch="false" />
              </lines>
            </method>
            <method name="TryGetUserPass" signature="(System.Net.Http.Headers.AuthenticationHeaderValue,System.String&amp;,System.String&amp;,System.String&amp;)" line-rate="1" branch-rate="1" complexity="4">
              <lines>
                <line number="157" hits="5" branch="false" />
                <line number="158" hits="5" branch="false" />
                <line number="159" hits="5" branch="false" />
                <line number="161" hits="5" branch="false" />
                <line number="162" hits="5" branch="true" condition-coverage="100% (2/2)" />
                <line number="164" hits="1" branch="false" />
                <line number="165" hits="1" branch="false" />
                <line number="168" hits="4" branch="false" />
                <line number="169" hits="4" branch="true" condition-coverage="100% (2/2)" />
                <line number="171" hits="2" branch="false" />
                <line number="172" hits="2" branch="false" />
                <line number="175" hits="2" branch="false" />
                <line number="176" hits="2" branch="false" />
                <line number="177" hits="2" branch="false" />
              </lines>
            </method>
            <method name="ValidateSchemeAndParameter" signature="(System.Net.Http.Headers.AuthenticationHeaderValue)" line-rate="1" branch-rate="0.7" complexity="10">
              <lines>
                <line number="187" hits="6" branch="true" condition-coverage="70% (7/10)" />
                <line number="188" hits="6" branch="false" />
                <line number="189" hits="6" branch="false" />
                <line number="190" hits="6" branch="false" />
                <line number="191" hits="6" branch="false" />
              </lines>
            </method>
            <method name="TryDecodeCredentials" signature="(System.String,System.Boolean)" line-rate="1" branch-rate="0.5" complexity="6">
              <lines>
                <line number="204" hits="5" branch="true" condition-coverage="50% (3/6)" />
                <line number="205" hits="5" branch="false" />
                <line number="206" hits="5" branch="false" />
                <line number="207" hits="4" branch="false" />
                <line number="209" hits="1" branch="false" />
                <line number="211" hits="1" branch="false" />
                <line number="212" hits="1" branch="false" />
                <line number="214" hits="5" branch="false" />
              </lines>
            </method>
            <method name="TryParseCredentials" signature="(System.String)" line-rate="1" branch-rate="1" complexity="6">
              <lines>
                <line number="223" hits="4" branch="false" />
                <line number="224" hits="4" branch="true" condition-coverage="100% (4/4)" />
                <line number="226" hits="1" branch="false" />
                <line number="229" hits="3" branch="false" />
                <line number="230" hits="3" branch="false" />
                <line number="231" hits="3" branch="true" condition-coverage="100% (2/2)" />
              </lines>
            </method>
            <method name="Fail" signature="(System.String)" line-rate="1" branch-rate="1" complexity="1">
              <lines>
                <line number="236" hits="12" branch="false" />
                <line number="237" hits="12" branch="false" />
              </lines>
            </method>
            <method name="HandleChallengeAsync" signature="(Microsoft.AspNetCore.Authentication.AuthenticationProperties)" line-rate="0" branch-rate="0" complexity="4">
              <lines>
                <line number="256" hits="0" branch="true" condition-coverage="0% (0/2)" />
                <line number="258" hits="0" branch="true" condition-coverage="0% (0/2)" />
                <line number="259" hits="0" branch="false" />
                <line number="262" hits="0" branch="false" />
                <line number="264" hits="0" branch="false" />
              </lines>
            </method>
            <method name="HandleForbiddenAsync" signature="(Microsoft.AspNetCore.Authentication.AuthenticationProperties)" line-rate="0" branch-rate="1" complexity="1">
              <lines>
                <line number="276" hits="0" branch="false" />
                <line number="277" hits="0" branch="false" />
              </lines>
            </method>
            <method name="BuildPsValidator" signature="(Kestrun.Authentication.AuthenticationCodeSettings,Serilog.ILogger)" line-rate="0.9" branch-rate="0.5" complexity="2">
              <lines>
                <line number="291" hits="1" branch="true" condition-coverage="50% (1/2)" />
                <line number="293" hits="0" branch="false" />
                <line number="296" hits="1" branch="false" />
                <line number="297" hits="1" branch="false" />
                <line number="298" hits="2" branch="false" />
                <line number="299" hits="2" branch="false" />
                <line number="300" hits="2" branch="false" />
                <line number="301" hits="2" branch="false" />
                <line number="302" hits="2" branch="false" />
                <line number="303" hits="3" branch="false" />
              </lines>
            </method>
            <method name="BuildCsValidator" signature="(Kestrun.Authentication.AuthenticationCodeSettings,Serilog.ILogger)" line-rate="0.9230769230769231" branch-rate="0.5" complexity="4">
              <lines>
                <line number="313" hits="1" branch="true" condition-coverage="50% (1/2)" />
                <line number="315" hits="0" branch="false" />
                <line number="319" hits="1" branch="true" condition-coverage="50% (1/2)" />
                <line number="320" hits="1" branch="false" />
                <line number="321" hits="1" branch="false" />
                <line number="322" hits="1" branch="false" />
                <line number="323" hits="1" branch="false" />
                <line number="324" hits="1" branch="false" />
                <line number="325" hits="3" branch="false" />
                <line number="326" hits="3" branch="false" />
                <line number="327" hits="3" branch="false" />
                <line number="328" hits="3" branch="false" />
                <line number="329" hits="3" branch="false" />
              </lines>
            </method>
            <method name="BuildVBNetValidator" signature="(Kestrun.Authentication.AuthenticationCodeSettings,Serilog.ILogger)" line-rate="0.9166666666666666" branch-rate="0.5" complexity="4">
              <lines>
                <line number="340" hits="1" branch="true" condition-coverage="50% (1/2)" />
                <line number="342" hits="0" branch="false" />
                <line number="345" hits="1" branch="true" condition-coverage="50% (1/2)" />
                <line number="346" hits="1" branch="false" />
                <line number="347" hits="1" branch="false" />
                <line number="348" hits="1" branch="false" />
                <line number="349" hits="1" branch="false" />
                <line number="350" hits="3" branch="false" />
                <line number="351" hits="3" branch="false" />
                <line number="352" hits="3" branch="false" />
                <line number="353" hits="3" branch="false" />
                <line number="354" hits="3" branch="false" />
              </lines>
            </method>
            <method name=".ctor" signature="(Microsoft.Extensions.Options.IOptionsMonitor`1&lt;Kestrun.Authentication.BasicAuthenticationOptions&gt;,Microsoft.Extensions.Logging.ILoggerFactory,System.Text.Encodings.Web.UrlEncoder)" line-rate="1" branch-rate="1" complexity="2">
              <lines>
                <line number="28" hits="15" branch="false" />
                <line number="30" hits="15" branch="true" condition-coverage="100% (2/2)" />
                <line number="32" hits="15" branch="false" />
                <line number="34" hits="15" branch="false" />
              </lines>
            </method>
            <method name="HandleAuthenticateAsync" signature="()" line-rate="0.8421052631578947" branch-rate="0.9166666666666666" complexity="12">
              <lines>
                <line number="58" hits="9" branch="true" condition-coverage="100% (2/2)" />
                <line number="60" hits="2" branch="false" />
                <line number="64" hits="7" branch="true" condition-coverage="100% (2/2)" />
                <line number="66" hits="1" branch="false" />
                <line number="70" hits="6" branch="true" condition-coverage="100% (2/2)" />
                <line number="72" hits="1" branch="false" />
                <line number="75" hits="5" branch="false" />
                <line number="78" hits="5" branch="true" condition-coverage="100% (2/2)" />
                <line number="80" hits="3" branch="true" condition-coverage="50% (1/2)" />
                <line number="84" hits="2" branch="true" condition-coverage="100% (2/2)" />
                <line number="86" hits="1" branch="false" />
                <line number="89" hits="1" branch="false" />
                <line number="91" hits="1" branch="false" />
                <line number="92" hits="1" branch="false" />
                <line number="93" hits="1" branch="false" />
                <line number="95" hits="0" branch="false" />
                <line number="98" hits="0" branch="false" />
                <line number="99" hits="0" branch="false" />
                <line number="101" hits="9" branch="false" />
              </lines>
            </method>
          </methods>
          <lines>
            <line number="28" hits="15" branch="false" />
            <line number="30" hits="15" branch="true" condition-coverage="100% (2/2)" />
            <line number="32" hits="15" branch="false" />
            <line number="34" hits="15" branch="false" />
            <line number="58" hits="9" branch="true" condition-coverage="100% (2/2)" />
            <line number="60" hits="2" branch="false" />
            <line number="64" hits="7" branch="true" condition-coverage="100% (2/2)" />
            <line number="66" hits="1" branch="false" />
            <line number="70" hits="6" branch="true" condition-coverage="100% (2/2)" />
            <line number="72" hits="1" branch="false" />
            <line number="75" hits="5" branch="false" />
            <line number="78" hits="5" branch="true" condition-coverage="100% (2/2)" />
            <line number="80" hits="3" branch="true" condition-coverage="50% (1/2)" />
            <line number="84" hits="2" branch="true" condition-coverage="100% (2/2)" />
            <line number="86" hits="1" branch="false" />
            <line number="89" hits="1" branch="false" />
            <line number="91" hits="1" branch="false" />
            <line number="92" hits="1" branch="false" />
            <line number="93" hits="1" branch="false" />
            <line number="95" hits="0" branch="false" />
            <line number="98" hits="0" branch="false" />
            <line number="99" hits="0" branch="false" />
            <line number="101" hits="9" branch="false" />
            <line number="109" hits="12" branch="true" condition-coverage="100% (6/6)" />
            <line number="110" hits="12" branch="false" />
            <line number="111" hits="12" branch="false" />
            <line number="122" hits="10" branch="false" />
            <line number="123" hits="10" branch="false" />
            <line number="124" hits="10" branch="true" condition-coverage="100% (2/2)" />
            <line number="126" hits="2" branch="false" />
            <line number="127" hits="2" branch="false" />
            <line number="132" hits="8" branch="false" />
            <line number="133" hits="7" branch="false" />
            <line number="135" hits="1" branch="false" />
            <line number="137" hits="1" branch="false" />
            <line number="138" hits="1" branch="false" />
            <line number="140" hits="0" branch="false" />
            <line number="142" hits="0" branch="false" />
            <line number="143" hits="0" branch="false" />
            <line number="145" hits="8" branch="false" />
            <line number="157" hits="5" branch="false" />
            <line number="158" hits="5" branch="false" />
            <line number="159" hits="5" branch="false" />
            <line number="161" hits="5" branch="false" />
            <line number="162" hits="5" branch="true" condition-coverage="100% (2/2)" />
            <line number="164" hits="1" branch="false" />
            <line number="165" hits="1" branch="false" />
            <line number="168" hits="4" branch="false" />
            <line number="169" hits="4" branch="true" condition-coverage="100% (2/2)" />
            <line number="171" hits="2" branch="false" />
            <line number="172" hits="2" branch="false" />
            <line number="175" hits="2" branch="false" />
            <line number="176" hits="2" branch="false" />
            <line number="177" hits="2" branch="false" />
            <line number="187" hits="6" branch="true" condition-coverage="70% (7/10)" />
            <line number="188" hits="6" branch="false" />
            <line number="189" hits="6" branch="false" />
            <line number="190" hits="6" branch="false" />
            <line number="191" hits="6" branch="false" />
            <line number="204" hits="5" branch="true" condition-coverage="50% (3/6)" />
            <line number="205" hits="5" branch="false" />
            <line number="206" hits="5" branch="false" />
            <line number="207" hits="4" branch="false" />
            <line number="209" hits="1" branch="false" />
            <line number="211" hits="1" branch="false" />
            <line number="212" hits="1" branch="false" />
            <line number="214" hits="5" branch="false" />
            <line number="223" hits="4" branch="false" />
            <line number="224" hits="4" branch="true" condition-coverage="100% (4/4)" />
            <line number="226" hits="1" branch="false" />
            <line number="229" hits="3" branch="false" />
            <line number="230" hits="3" branch="false" />
            <line number="231" hits="3" branch="true" condition-coverage="100% (2/2)" />
            <line number="236" hits="12" branch="false" />
            <line number="237" hits="12" branch="false" />
            <line number="256" hits="0" branch="true" condition-coverage="0% (0/2)" />
            <line number="258" hits="0" branch="true" condition-coverage="0% (0/2)" />
            <line number="259" hits="0" branch="false" />
            <line number="262" hits="0" branch="false" />
            <line number="264" hits="0" branch="false" />
            <line number="276" hits="0" branch="false" />
            <line number="277" hits="0" branch="false" />
            <line number="291" hits="1" branch="true" condition-coverage="50% (1/2)" />
            <line number="293" hits="0" branch="false" />
            <line number="296" hits="1" branch="false" />
            <line number="297" hits="1" branch="false" />
            <line number="298" hits="2" branch="false" />
            <line number="299" hits="2" branch="false" />
            <line number="300" hits="2" branch="false" />
            <line number="301" hits="2" branch="false" />
            <line number="302" hits="2" branch="false" />
            <line number="303" hits="3" branch="false" />
            <line number="313" hits="1" branch="true" condition-coverage="50% (1/2)" />
            <line number="315" hits="0" branch="false" />
            <line number="319" hits="1" branch="true" condition-coverage="50% (1/2)" />
            <line number="320" hits="1" branch="false" />
            <line number="321" hits="1" branch="false" />
            <line number="322" hits="1" branch="false" />
            <line number="323" hits="1" branch="false" />
            <line number="324" hits="1" branch="false" />
            <line number="325" hits="3" branch="false" />
            <line number="326" hits="3" branch="false" />
            <line number="327" hits="3" branch="false" />
            <line number="328" hits="3" branch="false" />
            <line number="329" hits="3" branch="false" />
            <line number="340" hits="1" branch="true" condition-coverage="50% (1/2)" />
            <line number="342" hits="0" branch="false" />
            <line number="345" hits="1" branch="true" condition-coverage="50% (1/2)" />
            <line number="346" hits="1" branch="false" />
            <line number="347" hits="1" branch="false" />
            <line number="348" hits="1" branch="false" />
            <line number="349" hits="1" branch="false" />
            <line number="350" hits="3" branch="false" />
            <line number="351" hits="3" branch="false" />
            <line number="352" hits="3" branch="false" />
            <line number="353" hits="3" branch="false" />
            <line number="354" hits="3" branch="false" />
          </lines>
        </class>
        <class name="Kestrun.Authentication.IAuthHandler" filename="/home/runner/work/Kestrun/Kestrun/src/CSharp/Kestrun/Authentication/IAuthHandler.cs" line-rate="0.8755980861244019" branch-rate="0.7111111111111111" complexity="93">
          <methods>
            <method name="EnsureNameClaim" signature="(System.Collections.Generic.List`1&lt;System.Security.Claims.Claim&gt;,System.String,System.String,Serilog.ILogger)" line-rate="0.8571428571428571" branch-rate="0.8333333333333334" complexity="6">
              <lines>
                <line number="82" hits="8" branch="true" condition-coverage="50% (1/2)" />
                <line number="84" hits="0" branch="false" />
                <line number="87" hits="8" branch="true" condition-coverage="100% (2/2)" />
                <line number="89" hits="4" branch="false" />
                <line number="92" hits="8" branch="true" condition-coverage="100% (2/2)" />
                <line number="93" hits="8" branch="false" />
                <line number="94" hits="8" branch="false" />
              </lines>
            </method>
            <method name="CreateAuthenticationTicket" signature="(System.Collections.Generic.IEnumerable`1&lt;System.Security.Claims.Claim&gt;,Microsoft.AspNetCore.Authentication.AuthenticationScheme)" line-rate="1" branch-rate="1" complexity="1">
              <lines>
                <line number="104" hits="8" branch="false" />
                <line number="105" hits="8" branch="false" />
                <line number="106" hits="8" branch="false" />
              </lines>
            </method>
            <method name="BuildCsValidator" signature="(Kestrun.Authentication.AuthenticationCodeSettings,Serilog.ILogger,System.ValueTuple`2&lt;System.String,System.Object&gt;[])" line-rate="0.9142857142857143" branch-rate="0.5" complexity="4">
              <lines>
                <line number="180" hits="2" branch="true" condition-coverage="50% (1/2)" />
                <line number="182" hits="0" branch="false" />
                <line number="186" hits="10" branch="false" />
                <line number="187" hits="2" branch="false" />
                <line number="188" hits="2" branch="true" condition-coverage="50% (1/2)" />
                <line number="190" hits="0" branch="false" />
                <line number="193" hits="2" branch="false" />
                <line number="194" hits="2" branch="false" />
                <line number="195" hits="2" branch="false" />
                <line number="196" hits="2" branch="false" />
                <line number="197" hits="2" branch="false" />
                <line number="198" hits="2" branch="false" />
                <line number="199" hits="2" branch="false" />
                <line number="202" hits="2" branch="false" />
                <line number="203" hits="2" branch="false" />
                <line number="204" hits="4" branch="false" />
                <line number="205" hits="2" branch="false" />
                <line number="206" hits="0" branch="false" />
                <line number="207" hits="2" branch="false" />
                <line number="208" hits="2" branch="false" />
                <line number="209" hits="4" branch="false" />
                <line number="210" hits="4" branch="false" />
                <line number="211" hits="4" branch="false" />
                <line number="212" hits="2" branch="false" />
                <line number="213" hits="4" branch="false" />
                <line number="214" hits="4" branch="false" />
                <line number="215" hits="2" branch="false" />
                <line number="216" hits="4" branch="false" />
                <line number="217" hits="4" branch="false" />
                <line number="218" hits="4" branch="false" />
                <line number="219" hits="4" branch="false" />
                <line number="220" hits="2" branch="false" />
                <line number="221" hits="4" branch="false" />
                <line number="222" hits="4" branch="false" />
                <line number="223" hits="6" branch="false" />
              </lines>
            </method>
            <method name="BuildVBNetValidator" signature="(Kestrun.Authentication.AuthenticationCodeSettings,Serilog.ILogger,System.ValueTuple`2&lt;System.String,System.Object&gt;[])" line-rate="0.9166666666666666" branch-rate="0.5" complexity="4">
              <lines>
                <line number="231" hits="3" branch="true" condition-coverage="50% (1/2)" />
                <line number="233" hits="0" branch="false" />
                <line number="236" hits="15" branch="false" />
                <line number="237" hits="3" branch="false" />
                <line number="239" hits="3" branch="true" condition-coverage="50% (1/2)" />
                <line number="241" hits="0" branch="false" />
                <line number="245" hits="3" branch="false" />
                <line number="246" hits="3" branch="false" />
                <line number="247" hits="3" branch="false" />
                <line number="248" hits="3" branch="false" />
                <line number="249" hits="3" branch="false" />
                <line number="250" hits="3" branch="false" />
                <line number="251" hits="3" branch="false" />
                <line number="254" hits="3" branch="false" />
                <line number="255" hits="3" branch="false" />
                <line number="256" hits="4" branch="false" />
                <line number="257" hits="3" branch="false" />
                <line number="258" hits="0" branch="false" />
                <line number="259" hits="3" branch="false" />
                <line number="260" hits="3" branch="false" />
                <line number="261" hits="3" branch="false" />
                <line number="262" hits="4" branch="false" />
                <line number="263" hits="4" branch="false" />
                <line number="264" hits="4" branch="false" />
                <line number="265" hits="3" branch="false" />
                <line number="266" hits="3" branch="false" />
                <line number="267" hits="3" branch="false" />
                <line number="268" hits="4" branch="false" />
                <line number="269" hits="4" branch="false" />
                <line number="270" hits="4" branch="false" />
                <line number="271" hits="4" branch="false" />
                <line number="272" hits="3" branch="false" />
                <line number="273" hits="4" branch="false" />
                <line number="274" hits="3" branch="false" />
                <line number="275" hits="4" branch="false" />
                <line number="276" hits="7" branch="false" />
              </lines>
            </method>
            <method name="BuildPsIssueClaims" signature="(Kestrun.Authentication.AuthenticationCodeSettings,Serilog.ILogger)" line-rate="1" branch-rate="1" complexity="1">
              <lines>
                <line number="288" hits="2" branch="false" />
                <line number="289" hits="2" branch="false" />
                <line number="290" hits="2" branch="false" />
                <line number="291" hits="4" branch="false" />
              </lines>
            </method>
            <method name="GetPowerShell" signature="(Microsoft.AspNetCore.Http.HttpContext)" line-rate="1" branch-rate="1" complexity="6">
              <lines>
                <line number="355" hits="4" branch="true" condition-coverage="100% (6/6)" />
                <line number="356" hits="4" branch="false" />
                <line number="357" hits="4" branch="false" />
              </lines>
            </method>
            <method name="TryToClaim" signature="(System.Object,System.Security.Claims.Claim&amp;)" line-rate="1" branch-rate="0.9166666666666666" complexity="24">
              <lines>
                <line number="368" hits="6" branch="true" condition-coverage="100% (6/6)" />
                <line number="371" hits="1" branch="false" />
                <line number="372" hits="1" branch="false" />
                <line number="374" hits="3" branch="true" condition-coverage="100% (4/4)" />
                <line number="375" hits="3" branch="true" condition-coverage="50% (1/2)" />
                <line number="376" hits="3" branch="true" condition-coverage="50% (1/2)" />
                <line number="377" hits="3" branch="true" condition-coverage="100% (4/4)" />
                <line number="379" hits="3" branch="false" />
                <line number="380" hits="3" branch="false" />
                <line number="384" hits="1" branch="true" condition-coverage="100% (2/2)" />
                <line number="385" hits="1" branch="false" />
                <line number="386" hits="1" branch="true" condition-coverage="100% (4/4)" />
                <line number="388" hits="1" branch="false" />
                <line number="389" hits="1" branch="false" />
                <line number="397" hits="1" branch="false" />
                <line number="398" hits="1" branch="false" />
              </lines>
            </method>
            <method name="BuildCsIssueClaims" signature="(Kestrun.Authentication.AuthenticationCodeSettings,Serilog.ILogger)" line-rate="1" branch-rate="1" complexity="2">
              <lines>
                <line number="410" hits="3" branch="true" condition-coverage="100% (2/2)" />
                <line number="412" hits="1" branch="false" />
                <line number="416" hits="3" branch="false" />
                <line number="417" hits="3" branch="false" />
                <line number="418" hits="3" branch="false" />
                <line number="419" hits="3" branch="false" />
                <line number="420" hits="3" branch="false" />
                <line number="421" hits="3" branch="false" />
                <line number="423" hits="3" branch="false" />
                <line number="424" hits="3" branch="false" />
                <line number="425" hits="2" branch="false" />
                <line number="426" hits="2" branch="false" />
                <line number="427" hits="2" branch="false" />
                <line number="428" hits="2" branch="false" />
                <line number="429" hits="2" branch="false" />
                <line number="430" hits="2" branch="false" />
                <line number="431" hits="2" branch="false" />
                <line number="432" hits="2" branch="false" />
                <line number="433" hits="2" branch="false" />
                <line number="434" hits="2" branch="false" />
                <line number="435" hits="2" branch="false" />
                <line number="436" hits="5" branch="false" />
              </lines>
            </method>
            <method name="BuildVBNetIssueClaims" signature="(Kestrun.Authentication.AuthenticationCodeSettings,Serilog.ILogger)" line-rate="0.9583333333333334" branch-rate="0.5" complexity="2">
              <lines>
                <line number="448" hits="3" branch="true" condition-coverage="50% (1/2)" />
                <line number="450" hits="0" branch="false" />
                <line number="454" hits="3" branch="false" />
                <line number="455" hits="3" branch="false" />
                <line number="456" hits="3" branch="false" />
                <line number="457" hits="3" branch="false" />
                <line number="458" hits="3" branch="false" />
                <line number="459" hits="3" branch="false" />
                <line number="461" hits="3" branch="false" />
                <line number="462" hits="3" branch="false" />
                <line number="463" hits="2" branch="false" />
                <line number="464" hits="2" branch="false" />
                <line number="465" hits="2" branch="false" />
                <line number="466" hits="2" branch="false" />
                <line number="467" hits="2" branch="false" />
                <line number="468" hits="2" branch="false" />
                <line number="469" hits="2" branch="false" />
                <line number="470" hits="3" branch="false" />
                <line number="471" hits="3" branch="false" />
                <line number="472" hits="2" branch="false" />
                <line number="473" hits="2" branch="false" />
                <line number="474" hits="2" branch="false" />
                <line number="475" hits="2" branch="false" />
                <line number="476" hits="5" branch="false" />
              </lines>
            </method>
            <method name="GetAuthenticationTicketAsync" signature="()" line-rate="1" branch-rate="1" complexity="1">
              <lines>
                <line number="34" hits="8" branch="false" />
                <line number="37" hits="8" branch="false" />
                <line number="40" hits="8" branch="false" />
                <line number="43" hits="8" branch="false" />
                <line number="44" hits="8" branch="false" />
              </lines>
            </method>
            <method name="GetIssuedClaimsAsync" signature="()" line-rate="0.3" branch-rate="0.25" complexity="4">
              <lines>
                <line number="55" hits="8" branch="true" condition-coverage="50% (1/2)" />
                <line number="57" hits="8" branch="false" />
                <line number="60" hits="0" branch="false" />
                <line number="61" hits="0" branch="true" condition-coverage="0% (0/2)" />
                <line number="63" hits="0" branch="false" />
                <line number="67" hits="0" branch="false" />
                <line number="68" hits="0" branch="false" />
                <line number="69" hits="0" branch="false" />
                <line number="70" hits="0" branch="false" />
                <line number="71" hits="8" branch="false" />
              </lines>
            </method>
            <method name="IssueClaimsPowerShellAsync" signature="()" line-rate="0.6666666666666666" branch-rate="0.5" complexity="18">
              <lines>
                <line number="303" hits="3" branch="true" condition-coverage="100% (2/2)" />
                <line number="305" hits="1" branch="false" />
                <line number="306" hits="1" branch="false" />
                <line number="308" hits="2" branch="true" condition-coverage="50% (1/2)" />
                <line number="310" hits="0" branch="false" />
                <line number="315" hits="2" branch="false" />
                <line number="316" hits="2" branch="false" />
                <line number="318" hits="2" branch="false" />
                <line number="319" hits="2" branch="true" condition-coverage="50% (2/4)" />
                <line number="321" hits="0" branch="false" />
                <line number="324" hits="2" branch="false" />
                <line number="325" hits="8" branch="true" condition-coverage="100% (2/2)" />
                <line number="327" hits="2" branch="true" condition-coverage="50% (2/4)" />
                <line number="329" hits="2" branch="false" />
                <line number="333" hits="0" branch="true" condition-coverage="0% (0/4)" />
                <line number="334" hits="0" branch="false" />
                <line number="338" hits="2" branch="false" />
                <line number="340" hits="0" branch="false" />
                <line number="342" hits="0" branch="false" />
                <line number="343" hits="0" branch="false" />
                <line number="345" hits="3" branch="false" />
              </lines>
            </method>
            <method name="ValidatePowerShellAsync" signature="()" line-rate="0.8260869565217391" branch-rate="0.7" complexity="20">
              <lines>
                <line number="123" hits="6" branch="true" condition-coverage="50% (1/2)" />
                <line number="125" hits="0" branch="false" />
                <line number="128" hits="6" branch="true" condition-coverage="100% (4/4)" />
                <line number="130" hits="1" branch="false" />
                <line number="131" hits="1" branch="false" />
                <line number="134" hits="5" branch="true" condition-coverage="100% (2/2)" />
                <line number="136" hits="1" branch="false" />
                <line number="139" hits="4" branch="true" condition-coverage="50% (1/2)" />
                <line number="140" hits="4" branch="false" />
                <line number="141" hits="4" branch="true" condition-coverage="50% (1/2)" />
                <line number="143" hits="0" branch="false" />
                <line number="146" hits="4" branch="false" />
                <line number="147" hits="24" branch="true" condition-coverage="100% (2/2)" />
                <line number="149" hits="8" branch="false" />
                <line number="152" hits="4" branch="false" />
                <line number="154" hits="4" branch="true" condition-coverage="50% (3/6)" />
                <line number="156" hits="0" branch="false" />
                <line number="157" hits="0" branch="false" />
                <line number="159" hits="4" branch="false" />
                <line number="161" hits="1" branch="false" />
                <line number="163" hits="1" branch="false" />
                <line number="164" hits="1" branch="false" />
                <line number="166" hits="6" branch="false" />
              </lines>
            </method>
          </methods>
          <lines>
            <line number="34" hits="8" branch="false" />
            <line number="37" hits="8" branch="false" />
            <line number="40" hits="8" branch="false" />
            <line number="43" hits="8" branch="false" />
            <line number="44" hits="8" branch="false" />
            <line number="55" hits="8" branch="true" condition-coverage="50% (1/2)" />
            <line number="57" hits="8" branch="false" />
            <line number="60" hits="0" branch="false" />
            <line number="61" hits="0" branch="true" condition-coverage="0% (0/2)" />
            <line number="63" hits="0" branch="false" />
            <line number="67" hits="0" branch="false" />
            <line number="68" hits="0" branch="false" />
            <line number="69" hits="0" branch="false" />
            <line number="70" hits="0" branch="false" />
            <line number="71" hits="8" branch="false" />
            <line number="82" hits="8" branch="true" condition-coverage="50% (1/2)" />
            <line number="84" hits="0" branch="false" />
            <line number="87" hits="8" branch="true" condition-coverage="100% (2/2)" />
            <line number="89" hits="4" branch="false" />
            <line number="92" hits="8" branch="true" condition-coverage="100% (2/2)" />
            <line number="93" hits="8" branch="false" />
            <line number="94" hits="8" branch="false" />
            <line number="104" hits="8" branch="false" />
            <line number="105" hits="8" branch="false" />
            <line number="106" hits="8" branch="false" />
            <line number="123" hits="6" branch="true" condition-coverage="50% (1/2)" />
            <line number="125" hits="0" branch="false" />
            <line number="128" hits="6" branch="true" condition-coverage="100% (4/4)" />
            <line number="130" hits="1" branch="false" />
            <line number="131" hits="1" branch="false" />
            <line number="134" hits="5" branch="true" condition-coverage="100% (2/2)" />
            <line number="136" hits="1" branch="false" />
            <line number="139" hits="4" branch="true" condition-coverage="50% (1/2)" />
            <line number="140" hits="4" branch="false" />
            <line number="141" hits="4" branch="true" condition-coverage="50% (1/2)" />
            <line number="143" hits="0" branch="false" />
            <line number="146" hits="4" branch="false" />
            <line number="147" hits="24" branch="true" condition-coverage="100% (2/2)" />
            <line number="149" hits="8" branch="false" />
            <line number="152" hits="4" branch="false" />
            <line number="154" hits="4" branch="true" condition-coverage="50% (3/6)" />
            <line number="156" hits="0" branch="false" />
            <line number="157" hits="0" branch="false" />
            <line number="159" hits="4" branch="false" />
            <line number="161" hits="1" branch="false" />
            <line number="163" hits="1" branch="false" />
            <line number="164" hits="1" branch="false" />
            <line number="166" hits="6" branch="false" />
            <line number="180" hits="2" branch="true" condition-coverage="50% (1/2)" />
            <line number="182" hits="0" branch="false" />
            <line number="186" hits="10" branch="false" />
            <line number="187" hits="2" branch="false" />
            <line number="188" hits="2" branch="true" condition-coverage="50% (1/2)" />
            <line number="190" hits="0" branch="false" />
            <line number="193" hits="2" branch="false" />
            <line number="194" hits="2" branch="false" />
            <line number="195" hits="2" branch="false" />
            <line number="196" hits="2" branch="false" />
            <line number="197" hits="2" branch="false" />
            <line number="198" hits="2" branch="false" />
            <line number="199" hits="2" branch="false" />
            <line number="202" hits="2" branch="false" />
            <line number="203" hits="2" branch="false" />
            <line number="204" hits="4" branch="false" />
            <line number="205" hits="2" branch="false" />
            <line number="206" hits="0" branch="false" />
            <line number="207" hits="2" branch="false" />
            <line number="208" hits="2" branch="false" />
            <line number="209" hits="4" branch="false" />
            <line number="210" hits="4" branch="false" />
            <line number="211" hits="4" branch="false" />
            <line number="212" hits="2" branch="false" />
            <line number="213" hits="4" branch="false" />
            <line number="214" hits="4" branch="false" />
            <line number="215" hits="2" branch="false" />
            <line number="216" hits="4" branch="false" />
            <line number="217" hits="4" branch="false" />
            <line number="218" hits="4" branch="false" />
            <line number="219" hits="4" branch="false" />
            <line number="220" hits="2" branch="false" />
            <line number="221" hits="4" branch="false" />
            <line number="222" hits="4" branch="false" />
            <line number="223" hits="6" branch="false" />
            <line number="231" hits="3" branch="true" condition-coverage="50% (1/2)" />
            <line number="233" hits="0" branch="false" />
            <line number="236" hits="15" branch="false" />
            <line number="237" hits="3" branch="false" />
            <line number="239" hits="3" branch="true" condition-coverage="50% (1/2)" />
            <line number="241" hits="0" branch="false" />
            <line number="245" hits="3" branch="false" />
            <line number="246" hits="3" branch="false" />
            <line number="247" hits="3" branch="false" />
            <line number="248" hits="3" branch="false" />
            <line number="249" hits="3" branch="false" />
            <line number="250" hits="3" branch="false" />
            <line number="251" hits="3" branch="false" />
            <line number="254" hits="3" branch="false" />
            <line number="255" hits="3" branch="false" />
            <line number="256" hits="4" branch="false" />
            <line number="257" hits="3" branch="false" />
            <line number="258" hits="0" branch="false" />
            <line number="259" hits="3" branch="false" />
            <line number="260" hits="3" branch="false" />
            <line number="261" hits="3" branch="false" />
            <line number="262" hits="4" branch="false" />
            <line number="263" hits="4" branch="false" />
            <line number="264" hits="4" branch="false" />
            <line number="265" hits="3" branch="false" />
            <line number="266" hits="3" branch="false" />
            <line number="267" hits="3" branch="false" />
            <line number="268" hits="4" branch="false" />
            <line number="269" hits="4" branch="false" />
            <line number="270" hits="4" branch="false" />
            <line number="271" hits="4" branch="false" />
            <line number="272" hits="3" branch="false" />
            <line number="273" hits="4" branch="false" />
            <line number="274" hits="3" branch="false" />
            <line number="275" hits="4" branch="false" />
            <line number="276" hits="7" branch="false" />
            <line number="288" hits="2" branch="false" />
            <line number="289" hits="2" branch="false" />
            <line number="290" hits="2" branch="false" />
            <line number="291" hits="4" branch="false" />
            <line number="303" hits="3" branch="true" condition-coverage="100% (2/2)" />
            <line number="305" hits="1" branch="false" />
            <line number="306" hits="1" branch="false" />
            <line number="308" hits="2" branch="true" condition-coverage="50% (1/2)" />
            <line number="310" hits="0" branch="false" />
            <line number="315" hits="2" branch="false" />
            <line number="316" hits="2" branch="false" />
            <line number="318" hits="2" branch="false" />
            <line number="319" hits="2" branch="true" condition-coverage="50% (2/4)" />
            <line number="321" hits="0" branch="false" />
            <line number="324" hits="2" branch="false" />
            <line number="325" hits="8" branch="true" condition-coverage="100% (2/2)" />
            <line number="327" hits="2" branch="true" condition-coverage="50% (2/4)" />
            <line number="329" hits="2" branch="false" />
            <line number="333" hits="0" branch="true" condition-coverage="0% (0/4)" />
            <line number="334" hits="0" branch="false" />
            <line number="338" hits="2" branch="false" />
            <line number="340" hits="0" branch="false" />
            <line number="342" hits="0" branch="false" />
            <line number="343" hits="0" branch="false" />
            <line number="345" hits="3" branch="false" />
            <line number="355" hits="4" branch="true" condition-coverage="100% (6/6)" />
            <line number="356" hits="4" branch="false" />
            <line number="357" hits="4" branch="false" />
            <line number="368" hits="6" branch="true" condition-coverage="100% (6/6)" />
            <line number="371" hits="1" branch="false" />
            <line number="372" hits="1" branch="false" />
            <line number="374" hits="3" branch="true" condition-coverage="100% (4/4)" />
            <line number="375" hits="3" branch="true" condition-coverage="50% (1/2)" />
            <line number="376" hits="3" branch="true" condition-coverage="50% (1/2)" />
            <line number="377" hits="3" branch="true" condition-coverage="100% (4/4)" />
            <line number="379" hits="3" branch="false" />
            <line number="380" hits="3" branch="false" />
            <line number="384" hits="1" branch="true" condition-coverage="100% (2/2)" />
            <line number="385" hits="1" branch="false" />
            <line number="386" hits="1" branch="true" condition-coverage="100% (4/4)" />
            <line number="388" hits="1" branch="false" />
            <line number="389" hits="1" branch="false" />
            <line number="397" hits="1" branch="false" />
            <line number="398" hits="1" branch="false" />
            <line number="410" hits="3" branch="true" condition-coverage="100% (2/2)" />
            <line number="412" hits="1" branch="false" />
            <line number="416" hits="3" branch="false" />
            <line number="417" hits="3" branch="false" />
            <line number="418" hits="3" branch="false" />
            <line number="419" hits="3" branch="false" />
            <line number="420" hits="3" branch="false" />
            <line number="421" hits="3" branch="false" />
            <line number="423" hits="3" branch="false" />
            <line number="424" hits="3" branch="false" />
            <line number="425" hits="2" branch="false" />
            <line number="426" hits="2" branch="false" />
            <line number="427" hits="2" branch="false" />
            <line number="428" hits="2" branch="false" />
            <line number="429" hits="2" branch="false" />
            <line number="430" hits="2" branch="false" />
            <line number="431" hits="2" branch="false" />
            <line number="432" hits="2" branch="false" />
            <line number="433" hits="2" branch="false" />
            <line number="434" hits="2" branch="false" />
            <line number="435" hits="2" branch="false" />
            <line number="436" hits="5" branch="false" />
            <line number="448" hits="3" branch="true" condition-coverage="50% (1/2)" />
            <line number="450" hits="0" branch="false" />
            <line number="454" hits="3" branch="false" />
            <line number="455" hits="3" branch="false" />
            <line number="456" hits="3" branch="false" />
            <line number="457" hits="3" branch="false" />
            <line number="458" hits="3" branch="false" />
            <line number="459" hits="3" branch="false" />
            <line number="461" hits="3" branch="false" />
            <line number="462" hits="3" branch="false" />
            <line number="463" hits="2" branch="false" />
            <line number="464" hits="2" branch="false" />
            <line number="465" hits="2" branch="false" />
            <line number="466" hits="2" branch="false" />
            <line number="467" hits="2" branch="false" />
            <line number="468" hits="2" branch="false" />
            <line number="469" hits="2" branch="false" />
            <line number="470" hits="3" branch="false" />
            <line number="471" hits="3" branch="false" />
            <line number="472" hits="2" branch="false" />
            <line number="473" hits="2" branch="false" />
            <line number="474" hits="2" branch="false" />
            <line number="475" hits="2" branch="false" />
            <line number="476" hits="5" branch="false" />
          </lines>
        </class>
        <class name="Kestrun.Authentication.JwtAuthenticationOptions" filename="/home/runner/work/Kestrun/Kestrun/src/CSharp/Kestrun/Authentication/JwtAutenticationOptions.cs" line-rate="1" branch-rate="1" complexity="5">
          <methods>
            <method name="get_ValidationParameters" signature="()" line-rate="1" branch-rate="1" complexity="1">
              <lines>
[...]
            <line number="59" hits="2" branch="false" />
            <line number="60" hits="2" branch="true" condition-coverage="50% (1/2)" />
            <line number="61" hits="2" branch="true" condition-coverage="75% (3/4)" />
            <line number="62" hits="2" branch="false" />
            <line number="63" hits="2" branch="false" />
            <line number="64" hits="2" branch="false" />
            <line number="66" hits="2" branch="false" />
          </lines>
        </class>
        <class name="Kestrun.Utilities.XmlUtil" filename="/home/runner/work/Kestrun/Kestrun/src/CSharp/Kestrun/Utilities/XmlUtil.cs" line-rate="0.9354838709677419" branch-rate="0.9285714285714286" complexity="29">
          <methods>
            <method name="ToXml" signature="(System.String,System.Object)" line-rate="1" branch-rate="1" complexity="8">
              <lines>
                <line number="23" hits="32" branch="true" condition-coverage="100% (2/2)" />
                <line number="25" hits="6" branch="false" />
                <line number="29" hits="26" branch="true" condition-coverage="100% (2/2)" />
                <line number="31" hits="20" branch="false" />
                <line number="35" hits="6" branch="true" condition-coverage="100% (2/2)" />
                <line number="37" hits="1" branch="false" />
                <line number="41" hits="5" branch="true" condition-coverage="100% (2/2)" />
                <line number="43" hits="1" branch="false" />
                <line number="47" hits="4" branch="false" />
              </lines>
            </method>
            <method name="IsSimple" signature="(System.Object)" line-rate="1" branch-rate="1" complexity="8">
              <lines>
                <line number="57" hits="26" branch="false" />
                <line number="58" hits="26" branch="true" condition-coverage="100% (8/8)" />
              </lines>
            </method>
            <method name="DictionaryToXml" signature="(System.String,System.Collections.IDictionary)" line-rate="1" branch-rate="0.6666666666666666" complexity="6">
              <lines>
                <line number="69" hits="1" branch="false" />
                <line number="70" hits="6" branch="true" condition-coverage="100% (2/2)" />
                <line number="72" hits="2" branch="true" condition-coverage="50% (2/4)" />
                <line number="73" hits="2" branch="false" />
                <line number="75" hits="1" branch="false" />
              </lines>
            </method>
            <method name="EnumerableToXml" signature="(System.String,System.Collections.IEnumerable)" line-rate="1" branch-rate="1" complexity="2">
              <lines>
                <line number="85" hits="1" branch="false" />
                <line number="86" hits="6" branch="true" condition-coverage="100% (2/2)" />
                <line number="88" hits="2" branch="false" />
                <line number="90" hits="1" branch="false" />
              </lines>
            </method>
            <method name="ObjectToXml" signature="(System.String,System.Object)" line-rate="0.8" branch-rate="1" complexity="4">
              <lines>
                <line number="101" hits="4" branch="false" />
                <line number="102" hits="4" branch="false" />
                <line number="103" hits="48" branch="true" condition-coverage="100% (2/2)" />
                <line number="105" hits="20" branch="true" condition-coverage="100% (2/2)" />
                <line number="113" hits="20" branch="false" />
                <line number="114" hits="20" branch="false" />
                <line number="115" hits="0" branch="false" />
                <line number="117" hits="0" branch="false" />
                <line number="120" hits="20" branch="false" />
                <line number="123" hits="4" branch="false" />
              </lines>
            </method>
            <method name=".cctor" signature="()" line-rate="1" branch-rate="1" complexity="1">
              <lines>
                <line number="12" hits="1" branch="false" />
              </lines>
            </method>
          </methods>
          <lines>
            <line number="12" hits="1" branch="false" />
            <line number="23" hits="32" branch="true" condition-coverage="100% (2/2)" />
            <line number="25" hits="6" branch="false" />
            <line number="29" hits="26" branch="true" condition-coverage="100% (2/2)" />
            <line number="31" hits="20" branch="false" />
            <line number="35" hits="6" branch="true" condition-coverage="100% (2/2)" />
            <line number="37" hits="1" branch="false" />
            <line number="41" hits="5" branch="true" condition-coverage="100% (2/2)" />
            <line number="43" hits="1" branch="false" />
            <line number="47" hits="4" branch="false" />
            <line number="57" hits="26" branch="false" />
            <line number="58" hits="26" branch="true" condition-coverage="100% (8/8)" />
            <line number="69" hits="1" branch="false" />
            <line number="70" hits="6" branch="true" condition-coverage="100% (2/2)" />
            <line number="72" hits="2" branch="true" condition-coverage="50% (2/4)" />
            <line number="73" hits="2" branch="false" />
            <line number="75" hits="1" branch="false" />
            <line number="85" hits="1" branch="false" />
            <line number="86" hits="6" branch="true" condition-coverage="100% (2/2)" />
            <line number="88" hits="2" branch="false" />
            <line number="90" hits="1" branch="false" />
            <line number="101" hits="4" branch="false" />
            <line number="102" hits="4" branch="false" />
            <line number="103" hits="48" branch="true" condition-coverage="100% (2/2)" />
            <line number="105" hits="20" branch="true" condition-coverage="100% (2/2)" />
            <line number="113" hits="20" branch="false" />
            <line number="114" hits="20" branch="false" />
            <line number="115" hits="0" branch="false" />
            <line number="117" hits="0" branch="false" />
            <line number="120" hits="20" branch="false" />
            <line number="123" hits="4" branch="false" />
          </lines>
        </class>
        <class name="Kestrun.Utilities.YamlHelper" filename="/home/runner/work/Kestrun/Kestrun/src/CSharp/Kestrun/Utilities/YamlHelper.cs" line-rate="0.9428571428571428" branch-rate="0.9230769230769231" complexity="57">
          <methods>
            <method name="ToYaml" signature="(System.Object)" line-rate="1" branch-rate="1" complexity="1">
              <lines>
                <line number="28" hits="5" branch="false" />
                <line number="29" hits="5" branch="false" />
              </lines>
            </method>
            <method name="FromYamlToHashtable" signature="(System.String)" line-rate="1" branch-rate="1" complexity="1">
              <lines>
                <line number="39" hits="2" branch="false" />
                <line number="40" hits="2" branch="false" />
                <line number="41" hits="2" branch="false" />
              </lines>
            </method>
            <method name="FromYamlToPSCustomObject" signature="(System.String)" line-rate="1" branch-rate="1" complexity="1">
              <lines>
                <line number="51" hits="2" branch="false" />
                <line number="52" hits="2" branch="false" />
                <line number="53" hits="2" branch="false" />
                <line number="54" hits="2" branch="false" />
              </lines>
            </method>
            <method name="NormalizePSObject" signature="(System.Object)" line-rate="0.8888888888888888" branch-rate="0.9285714285714286" complexity="14">
              <lines>
                <line number="72" hits="30" branch="true" condition-coverage="50% (1/2)" />
                <line number="74" hits="0" branch="false" />
                <line number="78" hits="30" branch="true" condition-coverage="100% (2/2)" />
                <line number="80" hits="2" branch="false" />
                <line number="84" hits="28" branch="true" condition-coverage="100% (4/4)" />
                <line number="86" hits="1" branch="false" />
                <line number="90" hits="27" branch="true" condition-coverage="100% (6/6)" />
                <line number="92" hits="24" branch="false" />
                <line number="96" hits="3" branch="false" />
              </lines>
            </method>
            <method name="NormalizeDictionary" signature="(System.Collections.IDictionary)" line-rate="1" branch-rate="1" complexity="2">
              <lines>
                <line number="101" hits="2" branch="false" />
                <line number="102" hits="12" branch="true" condition-coverage="100% (2/2)" />
                <line number="104" hits="4" branch="false" />
                <line number="105" hits="4" branch="false" />
                <line number="107" hits="2" branch="false" />
              </lines>
            </method>
            <method name="NormalizeEnumerable" signature="(System.Collections.IEnumerable)" line-rate="1" branch-rate="1" complexity="2">
              <lines>
                <line number="112" hits="1" branch="false" />
                <line number="113" hits="6" branch="true" condition-coverage="100% (2/2)" />
                <line number="115" hits="2" branch="false" />
                <line number="118" hits="1" branch="false" />
              </lines>
            </method>
            <method name="NormalizeByProperties" signature="(System.Object)" line-rate="0.7272727272727273" branch-rate="1" complexity="4">
              <lines>
                <line number="123" hits="3" branch="false" />
                <line number="124" hits="3" branch="false" />
                <line number="125" hits="44" branch="true" condition-coverage="100% (2/2)" />
                <line number="128" hits="19" branch="true" condition-coverage="100% (2/2)" />
                <line number="135" hits="19" branch="false" />
                <line number="136" hits="19" branch="false" />
                <line number="137" hits="19" branch="false" />
                <line number="138" hits="0" branch="false" />
                <line number="140" hits="0" branch="false" />
                <line number="141" hits="0" branch="false" />
                <line number="143" hits="3" branch="false" />
              </lines>
            </method>
            <method name="ConvertToPSCompatible" signature="(System.Object)" line-rate="1" branch-rate="0.8333333333333334" complexity="12">
              <lines>
                <line number="162" hits="4" branch="true" condition-coverage="100% (4/4)" />
                <line number="163" hits="24" branch="true" condition-coverage="100% (2/2)" />
                <line number="165" hits="8" branch="true" condition-coverage="50% (1/2)" />
                <line number="168" hits="4" branch="false" />
                <line number="171" hits="2" branch="false" />
                <line number="172" hits="12" branch="true" condition-coverage="100% (2/2)" />
                <line number="174" hits="4" branch="false" />
                <line number="177" hits="2" branch="false" />
                <line number="180" hits="10" branch="true" condition-coverage="50% (1/2)" />
              </lines>
            </method>
            <method name="ConvertToPSCustomObject" signature="(System.Object)" line-rate="1" branch-rate="0.9444444444444444" complexity="18">
              <lines>
                <line number="197" hits="5" branch="true" condition-coverage="100% (2/2)" />
                <line number="199" hits="2" branch="false" />
                <line number="200" hits="12" branch="true" condition-coverage="100% (2/2)" />
                <line number="202" hits="4" branch="false" />
                <line number="203" hits="4" branch="false" />
                <line number="205" hits="4" branch="true" condition-coverage="100% (6/6)" />
                <line number="207" hits="1" branch="false" />
                <line number="210" hits="4" branch="true" condition-coverage="100% (2/2)" />
                <line number="212" hits="4" branch="true" condition-coverage="50% (1/2)" />
                <line number="215" hits="2" branch="false" />
                <line number="217" hits="3" branch="true" condition-coverage="100% (2/2)" />
                <line number="219" hits="1" branch="false" />
                <line number="220" hits="6" branch="true" condition-coverage="100% (2/2)" />
                <line number="222" hits="2" branch="false" />
                <line number="225" hits="1" branch="false" />
                <line number="228" hits="2" branch="false" />
              </lines>
            </method>
            <method name="AddMember" signature="(System.Management.Automation.PSObject,System.String,System.Object)" line-rate="1" branch-rate="1" complexity="1">
              <lines>
                <line number="237" hits="4" branch="false" />
              </lines>
            </method>
            <method name=".cctor" signature="()" line-rate="1" branch-rate="1" complexity="1">
              <lines>
                <line number="13" hits="1" branch="false" />
                <line number="14" hits="1" branch="false" />
                <line number="15" hits="1" branch="false" />
                <line number="17" hits="1" branch="false" />
                <line number="18" hits="1" branch="false" />
                <line number="19" hits="1" branch="false" />
              </lines>
            </method>
          </methods>
          <lines>
            <line number="13" hits="1" branch="false" />
            <line number="14" hits="1" branch="false" />
            <line number="15" hits="1" branch="false" />
            <line number="17" hits="1" branch="false" />
            <line number="18" hits="1" branch="false" />
            <line number="19" hits="1" branch="false" />
            <line number="28" hits="5" branch="false" />
            <line number="29" hits="5" branch="false" />
            <line number="39" hits="2" branch="false" />
            <line number="40" hits="2" branch="false" />
            <line number="41" hits="2" branch="false" />
            <line number="51" hits="2" branch="false" />
            <line number="52" hits="2" branch="false" />
            <line number="53" hits="2" branch="false" />
            <line number="54" hits="2" branch="false" />
            <line number="72" hits="30" branch="true" condition-coverage="50% (1/2)" />
            <line number="74" hits="0" branch="false" />
            <line number="78" hits="30" branch="true" condition-coverage="100% (2/2)" />
            <line number="80" hits="2" branch="false" />
            <line number="84" hits="28" branch="true" condition-coverage="100% (4/4)" />
            <line number="86" hits="1" branch="false" />
            <line number="90" hits="27" branch="true" condition-coverage="100% (6/6)" />
            <line number="92" hits="24" branch="false" />
            <line number="96" hits="3" branch="false" />
            <line number="101" hits="2" branch="false" />
            <line number="102" hits="12" branch="true" condition-coverage="100% (2/2)" />
            <line number="104" hits="4" branch="false" />
            <line number="105" hits="4" branch="false" />
            <line number="107" hits="2" branch="false" />
            <line number="112" hits="1" branch="false" />
            <line number="113" hits="6" branch="true" condition-coverage="100% (2/2)" />
            <line number="115" hits="2" branch="false" />
            <line number="118" hits="1" branch="false" />
            <line number="123" hits="3" branch="false" />
            <line number="124" hits="3" branch="false" />
            <line number="125" hits="44" branch="true" condition-coverage="100% (2/2)" />
            <line number="128" hits="19" branch="true" condition-coverage="100% (2/2)" />
            <line number="135" hits="19" branch="false" />
            <line number="136" hits="19" branch="false" />
            <line number="137" hits="19" branch="false" />
            <line number="138" hits="0" branch="false" />
            <line number="140" hits="0" branch="false" />
            <line number="141" hits="0" branch="false" />
            <line number="143" hits="3" branch="false" />
            <line number="162" hits="4" branch="true" condition-coverage="100% (4/4)" />
            <line number="163" hits="24" branch="true" condition-coverage="100% (2/2)" />
            <line number="165" hits="8" branch="true" condition-coverage="50% (1/2)" />
            <line number="168" hits="4" branch="false" />
            <line number="171" hits="2" branch="false" />
            <line number="172" hits="12" branch="true" condition-coverage="100% (2/2)" />
            <line number="174" hits="4" branch="false" />
            <line number="177" hits="2" branch="false" />
            <line number="180" hits="10" branch="true" condition-coverage="50% (1/2)" />
            <line number="197" hits="5" branch="true" condition-coverage="100% (2/2)" />
            <line number="199" hits="2" branch="false" />
            <line number="200" hits="12" branch="true" condition-coverage="100% (2/2)" />
            <line number="202" hits="4" branch="false" />
            <line number="203" hits="4" branch="false" />
            <line number="205" hits="4" branch="true" condition-coverage="100% (6/6)" />
            <line number="207" hits="1" branch="false" />
            <line number="210" hits="4" branch="true" condition-coverage="100% (2/2)" />
            <line number="212" hits="4" branch="true" condition-coverage="50% (1/2)" />
            <line number="215" hits="2" branch="false" />
            <line number="217" hits="3" branch="true" condition-coverage="100% (2/2)" />
            <line number="219" hits="1" branch="false" />
            <line number="220" hits="6" branch="true" condition-coverage="100% (2/2)" />
            <line number="222" hits="2" branch="false" />
            <line number="225" hits="1" branch="false" />
            <line number="228" hits="2" branch="false" />
            <line number="237" hits="4" branch="false" />
          </lines>
        </class>
        <class name="KestrunRuntimeApiAttribute" filename="/home/runner/work/Kestrun/Kestrun/src/CSharp/Kestrun/Utilities/KestrunRouteAttribute.cs" line-rate="1" branch-rate="1" complexity="4">
          <methods>
            <method name="get_Contexts" signature="()" line-rate="1" branch-rate="1" complexity="1">
              <lines>
                <line number="52" hits="3" branch="false" />
              </lines>
            </method>
            <method name="get_SafeForUntrusted" signature="()" line-rate="1" branch-rate="1" complexity="1">
              <lines>
                <line number="57" hits="2" branch="false" />
              </lines>
            </method>
            <method name="get_Notes" signature="()" line-rate="1" branch-rate="1" complexity="1">
              <lines>
                <line number="61" hits="2" branch="false" />
              </lines>
            </method>
            <method name=".ctor" signature="(KestrunApiContext)" line-rate="1" branch-rate="1" complexity="1">
              <lines>
                <line number="47" hits="1" branch="false" />
              </lines>
            </method>
          </methods>
          <lines>
            <line number="47" hits="1" branch="false" />
            <line number="52" hits="3" branch="false" />
            <line number="57" hits="2" branch="false" />
            <line number="61" hits="2" branch="false" />
          </lines>
        </class>
      </classes>
    </package>
  </packages>
</coverage>